<?xml version="1.0" encoding="UTF-8"?>
<!-- Generated by org.testng.reporters.JUnitReportReporter -->
<testsuite hostname="DESKTOP-IJURLKJ" failures="0" tests="1" name="testCases.TC_001_AccountRegistrationClass" time="2.812" errors="0" timestamp="2025-02-18T11:44:17 EET" skipped="0">
  <testcase classname="testCases.TC_001_AccountRegistrationClass" name="verifyRegistration" time="2.812"/>
</testsuite> <!-- testCases.TC_001_AccountRegistrationClass -->
